2024-07-08 13:41:45.951 +02:00 [INF] Iniciando la aplicación
2024-07-08 13:42:19.819 +02:00 [INF] Iniciando la aplicación
2024-07-08 13:42:44.389 +02:00 [FTL] La aplicación terminó inesperadamente
System.IO.DirectoryNotFoundException: Could not find a part of the path 'C:\Users\migue\source\repos\ListifyApp\Listify.UI\bin\Debug\repo\combinations.txt'.
   at Microsoft.Win32.SafeHandles.SafeFileHandle.CreateFile(String fullPath, FileMode mode, FileAccess access, FileShare share, FileOptions options)
   at Microsoft.Win32.SafeHandles.SafeFileHandle.Open(String fullPath, FileMode mode, FileAccess access, FileShare share, FileOptions options, Int64 preallocationSize, Nullable`1 unixCreateMode)
   at System.IO.File.OpenHandle(String path, FileMode mode, FileAccess access, FileShare share, FileOptions options, Int64 preallocationSize)
   at System.IO.File.WriteToFile(String path, FileMode mode, String contents, Encoding encoding)
   at Listify.Integration.Lottery.LotteryService.GetAll() in C:\Users\migue\source\repos\ListifyApp\Listify.Integration\Lottery\LotteryService.cs:line 35
   at ListifyApp.MainForm.LoadCombinations() in C:\Users\migue\source\repos\ListifyApp\Listify.UI\MainForm.cs:line 19
   at ListifyApp.MainForm.InitializeComponent() in C:\Users\migue\source\repos\ListifyApp\Listify.UI\MainForm.Designer.cs:line 36
   at ListifyApp.MainForm..ctor(ILotteryService lotteryService) in C:\Users\migue\source\repos\ListifyApp\Listify.UI\MainForm.cs:line 14
   at System.RuntimeMethodHandle.InvokeMethod(Object target, Void** arguments, Signature sig, Boolean isConstructor)
   at System.Reflection.MethodBaseInvoker.InvokeDirectByRefWithFewArgs(Object obj, Span`1 copyOfArgs, BindingFlags invokeAttr)
   at System.Reflection.MethodBaseInvoker.InvokeWithOneArg(Object obj, BindingFlags invokeAttr, Binder binder, Object[] parameters, CultureInfo culture)
   at System.Reflection.RuntimeConstructorInfo.Invoke(BindingFlags invokeAttr, Binder binder, Object[] parameters, CultureInfo culture)
   at Microsoft.Extensions.DependencyInjection.ServiceLookup.CallSiteRuntimeResolver.VisitConstructor(ConstructorCallSite constructorCallSite, RuntimeResolverContext context)
   at Microsoft.Extensions.DependencyInjection.ServiceLookup.CallSiteVisitor`2.VisitCallSiteMain(ServiceCallSite callSite, TArgument argument)
   at Microsoft.Extensions.DependencyInjection.ServiceLookup.CallSiteRuntimeResolver.VisitDisposeCache(ServiceCallSite transientCallSite, RuntimeResolverContext context)
   at Microsoft.Extensions.DependencyInjection.ServiceLookup.CallSiteVisitor`2.VisitCallSite(ServiceCallSite callSite, TArgument argument)
   at Microsoft.Extensions.DependencyInjection.ServiceLookup.CallSiteRuntimeResolver.Resolve(ServiceCallSite callSite, ServiceProviderEngineScope scope)
   at Microsoft.Extensions.DependencyInjection.ServiceLookup.DynamicServiceProviderEngine.<>c__DisplayClass2_0.<RealizeService>b__0(ServiceProviderEngineScope scope)
   at Microsoft.Extensions.DependencyInjection.ServiceProvider.GetService(ServiceIdentifier serviceIdentifier, ServiceProviderEngineScope serviceProviderEngineScope)
   at Microsoft.Extensions.DependencyInjection.ServiceProvider.GetService(Type serviceType)
   at Microsoft.Extensions.DependencyInjection.ServiceProviderServiceExtensions.GetRequiredService(IServiceProvider provider, Type serviceType)
   at Microsoft.Extensions.DependencyInjection.ServiceProviderServiceExtensions.GetRequiredService[T](IServiceProvider provider)
   at Listify.UI.Program.Main() in C:\Users\migue\source\repos\ListifyApp\Listify.UI\Program.cs:line 31
2024-07-08 13:42:50.088 +02:00 [INF] Iniciando la aplicación
2024-07-08 13:46:28.681 +02:00 [INF] Iniciando la aplicación
2024-07-08 13:47:47.416 +02:00 [INF] Iniciando la aplicación
2024-07-08 13:48:12.465 +02:00 [INF] Iniciando la aplicación
2024-07-08 13:48:24.196 +02:00 [INF] Iniciando la aplicación
2024-07-08 13:53:10.435 +02:00 [INF] Iniciando la aplicación
2024-07-08 13:56:21.212 +02:00 [INF] Iniciando la aplicación
2024-07-08 13:56:53.429 +02:00 [INF] Iniciando la aplicación
2024-07-08 13:57:36.748 +02:00 [INF] Iniciando la aplicación
2024-07-08 13:57:47.857 +02:00 [INF] Iniciando la aplicación
2024-07-08 14:04:50.602 +02:00 [INF] Iniciando la aplicación
2024-07-08 14:10:24.220 +02:00 [INF] Iniciando la aplicación
2024-07-08 14:10:46.668 +02:00 [INF] Iniciando la aplicación
2024-07-08 14:37:18.632 +02:00 [INF] Iniciando la aplicación
